2024-08-12 11:00:25,549 - __main__ - ERROR - 处理 URL 'https://kns.cnki.net/kcms2/article/abstract?v=rsECNtSP7IKAruO1Hr7w8V8uREMEzTRmq4fp3-CblGkCJm1YAaIiYflEU-D1I6HoGjXvr_bJ4rg_BfBAc9xPNj77SZw1_fOhhLHJn7F_ITffNNdcgkPjstCtLsgJWvbN-VEb-N3a-wSAsfKGEx5LE8WjLyllp8Is4YRNwG1gwsIi1epW5ywXIAT1-FH7HG-5K_1-zBKKxpTKK7OmzQVeU2ibU0EKl3AkEqWt6wlbKIAgiE6kArsmNQ==&uniplatform=NZKPT&language=CHS' 时发生异常：name 'logger' is not defined
2024-08-12 11:00:59,386 - __main__ - ERROR - 处理 URL 'https://kns.cnki.net/kcms2/article/abstract?v=rsECNtSP7IKAruO1Hr7w8V8uREMEzTRmq4fp3-CblGkCJm1YAaIiYflEU-D1I6HoFBZYB5x7j8PQCjsK5S7T0NTPH-3ANmD_UPVc1Oe6MSnEPd6Y4YWcxgAtVA7vHY9SkvsEEcmTMNhb6iP5RRV7BxTZNpby-HoAvPyzLBIq1ykJcKypzI_Ve_3U0kRKa-DZB1gVfOmSemWJBhhBWwt95tZtBqEPgVPYQtmEjZtzITxizQ0z_qY6qg==&uniplatform=NZKPT&language=CHS' 时发生异常：Message: 
Stacktrace:
	GetHandleVerifier [0x00007FF6806A05C2+11762]
	Microsoft::Applications::Events::ILogConfiguration::operator* [0x00007FF680640909+271433]
	(No symbol) [0x00007FF68045FE6E]
	(No symbol) [0x00007FF6804A6964]
	(No symbol) [0x00007FF6804A69EB]
	(No symbol) [0x00007FF6804E2107]
	(No symbol) [0x00007FF6804C5F7F]
	(No symbol) [0x00007FF68049C2FD]
	(No symbol) [0x00007FF6804DFA97]
	(No symbol) [0x00007FF6804C5BA3]
	(No symbol) [0x00007FF68049B80C]
	(No symbol) [0x00007FF68049ACED]
	(No symbol) [0x00007FF68049B3D1]
	Microsoft::Applications::Events::EventProperty::empty [0x00007FF68081B544+879700]
	Microsoft::Applications::Events::EventProperty::~EventProperty [0x00007FF6805D5D4F+56159]
	Microsoft::Applications::Events::EventProperty::~EventProperty [0x00007FF6805C86E3+1267]
	Microsoft::Applications::Events::EventProperty::empty [0x00007FF68081A29D+874925]
	Microsoft::Applications::Events::ILogConfiguration::operator* [0x00007FF680648501+303169]
	Microsoft::Applications::Events::ILogConfiguration::operator* [0x00007FF6806448C4+287748]
	Microsoft::Applications::Events::ILogConfiguration::operator* [0x00007FF6806449FB+288059]
	Microsoft::Applications::Events::ILogConfiguration::operator* [0x00007FF68063C950+255120]
	BaseThreadInitThunk [0x00007FF9468E257D+29]
	RtlUserThreadStart [0x00007FF947AAAF28+40]

2024-08-12 11:01:37,624 - __main__ - ERROR - 处理 URL 'https://kns.cnki.net/kcms2/article/abstract?v=rsECNtSP7IIntcrQCTXJQrU9qY5NYJm2YdB3_RS6Fg9FvEiu4S7bKsYSUvew-yRAlFsBcV4UnRj4p1CPuBF0JzTF6OExvvHE7QMLsE1QWH7kLSk5UmoJ1oFOg7DqOgMOtwOh99EayCn17_WYsORANELXiB1CmMTQKFO9elXt9N6HfBNL-7hbOxlXaVeTKURDKQ9zgFnwKelA2_jQ6YP32jSbTVPpdyNzkuTtHest7Puw3u5x9LQ5TQ==&uniplatform=NZKPT&language=CHS' 时发生异常：Message: 
Stacktrace:
	GetHandleVerifier [0x00007FF6806A05C2+11762]
	Microsoft::Applications::Events::ILogConfiguration::operator* [0x00007FF680640909+271433]
	(No symbol) [0x00007FF68045FE6E]
	(No symbol) [0x00007FF6804A6964]
	(No symbol) [0x00007FF6804A69EB]
	(No symbol) [0x00007FF6804E2107]
	(No symbol) [0x00007FF6804C5F7F]
	(No symbol) [0x00007FF68049C2FD]
	(No symbol) [0x00007FF6804DFA97]
	(No symbol) [0x00007FF6804C5BA3]
	(No symbol) [0x00007FF68049B80C]
	(No symbol) [0x00007FF68049ACED]
	(No symbol) [0x00007FF68049B3D1]
	Microsoft::Applications::Events::EventProperty::empty [0x00007FF68081B544+879700]
	Microsoft::Applications::Events::EventProperty::~EventProperty [0x00007FF6805D5D4F+56159]
	Microsoft::Applications::Events::EventProperty::~EventProperty [0x00007FF6805C86E3+1267]
	Microsoft::Applications::Events::EventProperty::empty [0x00007FF68081A29D+874925]
	Microsoft::Applications::Events::ILogConfiguration::operator* [0x00007FF680648501+303169]
	Microsoft::Applications::Events::ILogConfiguration::operator* [0x00007FF6806448C4+287748]
	Microsoft::Applications::Events::ILogConfiguration::operator* [0x00007FF6806449FB+288059]
	Microsoft::Applications::Events::ILogConfiguration::operator* [0x00007FF68063C950+255120]
	BaseThreadInitThunk [0x00007FF9468E257D+29]
	RtlUserThreadStart [0x00007FF947AAAF28+40]

2024-08-12 11:02:17,894 - __main__ - ERROR - 处理 URL 'https://kns.cnki.net/kcms2/article/abstract?v=rsECNtSP7IJvTNNTAUwSnCEPvxME3K36XPbwZGoEOhH_NfSZHVqzfhX6ZnxF2jQh3f2-DYUPgeeMA2X8plyQ4bauIp9ot4-peZOy8lRSJvOAQxFT49ek85YIpkXLKkHUMjBP-Z6G_DXTdW2zNNP_ajn8bslgnVQPt1cAUQ0jwGtbmCXDkvRWavIkhInzMGb2lffE_XYjQYjG-j1Qe9mGZBfJQYxS2IlO4kkHtbWnmFHdSdbqlkZXtw==&uniplatform=NZKPT&language=CHS' 时发生异常：Message: 
Stacktrace:
	GetHandleVerifier [0x00007FF6806A05C2+11762]
	Microsoft::Applications::Events::ILogConfiguration::operator* [0x00007FF680640909+271433]
	(No symbol) [0x00007FF68045FE6E]
	(No symbol) [0x00007FF6804A6964]
	(No symbol) [0x00007FF6804A69EB]
	(No symbol) [0x00007FF6804E2107]
	(No symbol) [0x00007FF6804C5F7F]
	(No symbol) [0x00007FF68049C2FD]
	(No symbol) [0x00007FF6804DFA97]
	(No symbol) [0x00007FF6804C5BA3]
	(No symbol) [0x00007FF68049B80C]
	(No symbol) [0x00007FF68049ACED]
	(No symbol) [0x00007FF68049B3D1]
	Microsoft::Applications::Events::EventProperty::empty [0x00007FF68081B544+879700]
	Microsoft::Applications::Events::EventProperty::~EventProperty [0x00007FF6805D5D4F+56159]
	Microsoft::Applications::Events::EventProperty::~EventProperty [0x00007FF6805C86E3+1267]
	Microsoft::Applications::Events::EventProperty::empty [0x00007FF68081A29D+874925]
	Microsoft::Applications::Events::ILogConfiguration::operator* [0x00007FF680648501+303169]
	Microsoft::Applications::Events::ILogConfiguration::operator* [0x00007FF6806448C4+287748]
	Microsoft::Applications::Events::ILogConfiguration::operator* [0x00007FF6806449FB+288059]
	Microsoft::Applications::Events::ILogConfiguration::operator* [0x00007FF68063C950+255120]
	BaseThreadInitThunk [0x00007FF9468E257D+29]
	RtlUserThreadStart [0x00007FF947AAAF28+40]

2024-08-12 11:10:02,679 - __main__ - ERROR - 处理 URL 'https://kns.cnki.net/kcms2/article/abstract?v=rsECNtSP7IJxrOruHjN_OZNy7JHV4i0CY4748B32drDjkaPwNet4MuS49ay86nnriDQ4L17Q6vi7XqY0aA9Kb1_kylT08_o3Vs5U8HmkrWxDyihHMZdH6gkHvDmCZCLVn637F16Ma7zdqE9ENfnRWZuJyukDQLbjsW8F5nQNR-KM61RfA7g-Y93i6h0WtGTaXbbewG6d-iO-1SEqlkdRNBLQB0YgRljHHfR5FckFT8-lPH_6hE6L3sR-c5iTrN22DxGCRtBHsXM=&uniplatform=NZKPT&language=CHS' 时发生异常：Message: 
Stacktrace:
	GetHandleVerifier [0x00007FF6806A05C2+11762]
	Microsoft::Applications::Events::ILogConfiguration::operator* [0x00007FF680640909+271433]
	(No symbol) [0x00007FF68045FE6E]
	(No symbol) [0x00007FF6804A6964]
	(No symbol) [0x00007FF6804A69EB]
	(No symbol) [0x00007FF6804E2107]
	(No symbol) [0x00007FF6804C5F7F]
	(No symbol) [0x00007FF68049C2FD]
	(No symbol) [0x00007FF6804DFA97]
	(No symbol) [0x00007FF6804C5BA3]
	(No symbol) [0x00007FF68049B80C]
	(No symbol) [0x00007FF68049ACED]
	(No symbol) [0x00007FF68049B3D1]
	Microsoft::Applications::Events::EventProperty::empty [0x00007FF68081B544+879700]
	Microsoft::Applications::Events::EventProperty::~EventProperty [0x00007FF6805D5D4F+56159]
	Microsoft::Applications::Events::EventProperty::~EventProperty [0x00007FF6805C86E3+1267]
	Microsoft::Applications::Events::EventProperty::empty [0x00007FF68081A29D+874925]
	Microsoft::Applications::Events::ILogConfiguration::operator* [0x00007FF680648501+303169]
	Microsoft::Applications::Events::ILogConfiguration::operator* [0x00007FF6806448C4+287748]
	Microsoft::Applications::Events::ILogConfiguration::operator* [0x00007FF6806449FB+288059]
	Microsoft::Applications::Events::ILogConfiguration::operator* [0x00007FF68063C950+255120]
	BaseThreadInitThunk [0x00007FF9468E257D+29]
	RtlUserThreadStart [0x00007FF947AAAF28+40]

2024-08-12 11:10:37,902 - __main__ - ERROR - 处理 URL 'https://kns.cnki.net/kcms2/article/abstract?v=rsECNtSP7IJxrOruHjN_OZNy7JHV4i0CY4748B32drDjkaPwNet4MuS49ay86nnrWJ2Ausew3hW5WBLZ62KOP2UT3VJOCwPD9vFp1a9GZwFJy9NF9_6SMDVw0jexvOC4GS6jKpSY95jXrbD514WzCvywds8hl6fKLLzf8yg3NXK0SjbL7KDhNsKVIwmfe50mbt6qpyt23YF2VFjAcUZWf4FW8Dy6w-I1wnjAs-O9BDbGjNmhNNOnCAK7gUDxpY7ZVGas-cOUStk=&uniplatform=NZKPT&language=CHS' 时发生异常：Message: 
Stacktrace:
	GetHandleVerifier [0x00007FF6806A05C2+11762]
	Microsoft::Applications::Events::ILogConfiguration::operator* [0x00007FF680640909+271433]
	(No symbol) [0x00007FF68045FE6E]
	(No symbol) [0x00007FF6804A6964]
	(No symbol) [0x00007FF6804A69EB]
	(No symbol) [0x00007FF6804E2107]
	(No symbol) [0x00007FF6804C5F7F]
	(No symbol) [0x00007FF68049C2FD]
	(No symbol) [0x00007FF6804DFA97]
	(No symbol) [0x00007FF6804C5BA3]
	(No symbol) [0x00007FF68049B80C]
	(No symbol) [0x00007FF68049ACED]
	(No symbol) [0x00007FF68049B3D1]
	Microsoft::Applications::Events::EventProperty::empty [0x00007FF68081B544+879700]
	Microsoft::Applications::Events::EventProperty::~EventProperty [0x00007FF6805D5D4F+56159]
	Microsoft::Applications::Events::EventProperty::~EventProperty [0x00007FF6805C86E3+1267]
	Microsoft::Applications::Events::EventProperty::empty [0x00007FF68081A29D+874925]
	Microsoft::Applications::Events::ILogConfiguration::operator* [0x00007FF680648501+303169]
	Microsoft::Applications::Events::ILogConfiguration::operator* [0x00007FF6806448C4+287748]
	Microsoft::Applications::Events::ILogConfiguration::operator* [0x00007FF6806449FB+288059]
	Microsoft::Applications::Events::ILogConfiguration::operator* [0x00007FF68063C950+255120]
	BaseThreadInitThunk [0x00007FF9468E257D+29]
	RtlUserThreadStart [0x00007FF947AAAF28+40]

2024-08-12 11:11:17,135 - __main__ - ERROR - 处理 URL 'https://kns.cnki.net/kcms2/article/abstract?v=rsECNtSP7IIdaIPx43ZhfIs7goml8Oa0cV9pp0S7qrzjaN2k_uPwt7SFJnXJQ24i_Hgz3CZuzuQiNkE9auuNqv1WI-hl0np1KmbG7EjCKMHiXl2HNOTjIz8_lsZE-DLSf-jOLQUSQpOYg6cUv0Wlg3DKONrRbwYqUUtaUh6Rd4OUcaKSpA4tPJSRahVPpiLn4kzUTftuEny7p_QInd3yiktpawfwpdhl_VfcUF40gxKZe-cb7-UnrwNhX-hh8LIEq9T5TOpKf5Y=&uniplatform=NZKPT&language=CHS' 时发生异常：Message: 
Stacktrace:
	GetHandleVerifier [0x00007FF6806A05C2+11762]
	Microsoft::Applications::Events::ILogConfiguration::operator* [0x00007FF680640909+271433]
	(No symbol) [0x00007FF68045FE6E]
	(No symbol) [0x00007FF6804A6964]
	(No symbol) [0x00007FF6804A69EB]
	(No symbol) [0x00007FF6804E2107]
	(No symbol) [0x00007FF6804C5F7F]
	(No symbol) [0x00007FF68049C2FD]
	(No symbol) [0x00007FF6804DFA97]
	(No symbol) [0x00007FF6804C5BA3]
	(No symbol) [0x00007FF68049B80C]
	(No symbol) [0x00007FF68049ACED]
	(No symbol) [0x00007FF68049B3D1]
	Microsoft::Applications::Events::EventProperty::empty [0x00007FF68081B544+879700]
	Microsoft::Applications::Events::EventProperty::~EventProperty [0x00007FF6805D5D4F+56159]
	Microsoft::Applications::Events::EventProperty::~EventProperty [0x00007FF6805C86E3+1267]
	Microsoft::Applications::Events::EventProperty::empty [0x00007FF68081A29D+874925]
	Microsoft::Applications::Events::ILogConfiguration::operator* [0x00007FF680648501+303169]
	Microsoft::Applications::Events::ILogConfiguration::operator* [0x00007FF6806448C4+287748]
	Microsoft::Applications::Events::ILogConfiguration::operator* [0x00007FF6806449FB+288059]
	Microsoft::Applications::Events::ILogConfiguration::operator* [0x00007FF68063C950+255120]
	BaseThreadInitThunk [0x00007FF9468E257D+29]
	RtlUserThreadStart [0x00007FF947AAAF28+40]

2024-08-12 11:11:52,693 - __main__ - ERROR - 处理 URL 'https://kns.cnki.net/kcms2/article/abstract?v=rsECNtSP7IIdaIPx43ZhfIs7goml8Oa0cV9pp0S7qrzjaN2k_uPwt7SFJnXJQ24i4hR88a8OdKPJJdA58BMe92mqKAgo0dyl-mkR7EmhYgktH1b5Z6B42F9P1mavlvNsmDmnYOXPdeq5lZ-ZeLoao8j3dXA0jkdEQfPvLLUQ_IUrlySSEPFjSfbAW5-kqqv5DHGKK7jqSv3iYaLa2Pu8BcuGXsEn2VYh4Xm9_H83k57szhdtk2MOqiSnqLPqmPhAybyiEd9ccfQ=&uniplatform=NZKPT&language=CHS' 时发生异常：Message: 
Stacktrace:
	GetHandleVerifier [0x00007FF6806A05C2+11762]
	Microsoft::Applications::Events::ILogConfiguration::operator* [0x00007FF680640909+271433]
	(No symbol) [0x00007FF68045FE6E]
	(No symbol) [0x00007FF6804A6964]
	(No symbol) [0x00007FF6804A69EB]
	(No symbol) [0x00007FF6804E2107]
	(No symbol) [0x00007FF6804C5F7F]
	(No symbol) [0x00007FF68049C2FD]
	(No symbol) [0x00007FF6804DFA97]
	(No symbol) [0x00007FF6804C5BA3]
	(No symbol) [0x00007FF68049B80C]
	(No symbol) [0x00007FF68049ACED]
	(No symbol) [0x00007FF68049B3D1]
	Microsoft::Applications::Events::EventProperty::empty [0x00007FF68081B544+879700]
	Microsoft::Applications::Events::EventProperty::~EventProperty [0x00007FF6805D5D4F+56159]
	Microsoft::Applications::Events::EventProperty::~EventProperty [0x00007FF6805C86E3+1267]
	Microsoft::Applications::Events::EventProperty::empty [0x00007FF68081A29D+874925]
	Microsoft::Applications::Events::ILogConfiguration::operator* [0x00007FF680648501+303169]
	Microsoft::Applications::Events::ILogConfiguration::operator* [0x00007FF6806448C4+287748]
	Microsoft::Applications::Events::ILogConfiguration::operator* [0x00007FF6806449FB+288059]
	Microsoft::Applications::Events::ILogConfiguration::operator* [0x00007FF68063C950+255120]
	BaseThreadInitThunk [0x00007FF9468E257D+29]
	RtlUserThreadStart [0x00007FF947AAAF28+40]

2024-08-12 11:12:26,550 - __main__ - ERROR - 处理 URL 'https://kns.cnki.net/kcms2/article/abstract?v=rsECNtSP7IJ8PGYe8ek8Guy_rQ0kUFg7FzA064AUgUmQiGH5bLwtshYlAu860EgftD9XXUil_5HTFbGnUdFQxm5MIZSzQ_yL1rjEO4gIOU73y_48gzAawiLr1RGImJQGvkPT7mWYzjDwfp8WGyNQMqOErpm0FfzAxU2tQuscCISNFcfeNq99kAmCiyeFEopOrEPe3xPeBcF6PBHk5GGLLJHxr5nxf4OGCUez7ypGJSNCPHWPX3DV1a2ui0R8DYXVpeN0RMGF3eo=&uniplatform=NZKPT&language=CHS' 时发生异常：Message: 
Stacktrace:
	GetHandleVerifier [0x00007FF6806A05C2+11762]
	Microsoft::Applications::Events::ILogConfiguration::operator* [0x00007FF680640909+271433]
	(No symbol) [0x00007FF68045FE6E]
	(No symbol) [0x00007FF6804A6964]
	(No symbol) [0x00007FF6804A69EB]
	(No symbol) [0x00007FF6804E2107]
	(No symbol) [0x00007FF6804C5F7F]
	(No symbol) [0x00007FF68049C2FD]
	(No symbol) [0x00007FF6804DFA97]
	(No symbol) [0x00007FF6804C5BA3]
	(No symbol) [0x00007FF68049B80C]
	(No symbol) [0x00007FF68049ACED]
	(No symbol) [0x00007FF68049B3D1]
	Microsoft::Applications::Events::EventProperty::empty [0x00007FF68081B544+879700]
	Microsoft::Applications::Events::EventProperty::~EventProperty [0x00007FF6805D5D4F+56159]
	Microsoft::Applications::Events::EventProperty::~EventProperty [0x00007FF6805C86E3+1267]
	Microsoft::Applications::Events::EventProperty::empty [0x00007FF68081A29D+874925]
	Microsoft::Applications::Events::ILogConfiguration::operator* [0x00007FF680648501+303169]
	Microsoft::Applications::Events::ILogConfiguration::operator* [0x00007FF6806448C4+287748]
	Microsoft::Applications::Events::ILogConfiguration::operator* [0x00007FF6806449FB+288059]
	Microsoft::Applications::Events::ILogConfiguration::operator* [0x00007FF68063C950+255120]
	BaseThreadInitThunk [0x00007FF9468E257D+29]
	RtlUserThreadStart [0x00007FF947AAAF28+40]

2024-08-12 11:16:16,691 - __main__ - ERROR - 处理 URL 'https://kns.cnki.net/kcms2/article/abstract?v=rsECNtSP7IIDIyyTvWbFP39iqoC8tE6FirAvAtIpZTuUUWpoeuXMDZXzQYwjZLT5x5v8sZxYapPq18cOG7m_4OUOscdwozZo66DgDzsT2Aksf4hgIBJDM9PB8oUJsGp5X0TYvxuqdf-d6xCHLjan6XLPjjRyGP0r8E_4B9zR-OUkehcSyvJt1Lo4_QkRQsHMNuBKsuUWui0ZHSIMsBOpMOw4POH8ZWXEZc22CN_XX7Q3SWggM1M_9Ihu8Q6K5RFM3a7xuX1XyTA=&uniplatform=NZKPT&language=CHS' 时发生异常：Message: 
Stacktrace:
	GetHandleVerifier [0x00007FF6806A05C2+11762]
	Microsoft::Applications::Events::ILogConfiguration::operator* [0x00007FF680640909+271433]
	(No symbol) [0x00007FF68045FE6E]
	(No symbol) [0x00007FF6804A6964]
	(No symbol) [0x00007FF6804A69EB]
	(No symbol) [0x00007FF6804E2107]
	(No symbol) [0x00007FF6804C5F7F]
	(No symbol) [0x00007FF68049C2FD]
	(No symbol) [0x00007FF6804DFA97]
	(No symbol) [0x00007FF6804C5BA3]
	(No symbol) [0x00007FF68049B80C]
	(No symbol) [0x00007FF68049ACED]
	(No symbol) [0x00007FF68049B3D1]
	Microsoft::Applications::Events::EventProperty::empty [0x00007FF68081B544+879700]
	Microsoft::Applications::Events::EventProperty::~EventProperty [0x00007FF6805D5D4F+56159]
	Microsoft::Applications::Events::EventProperty::~EventProperty [0x00007FF6805C86E3+1267]
	Microsoft::Applications::Events::EventProperty::empty [0x00007FF68081A29D+874925]
	Microsoft::Applications::Events::ILogConfiguration::operator* [0x00007FF680648501+303169]
	Microsoft::Applications::Events::ILogConfiguration::operator* [0x00007FF6806448C4+287748]
	Microsoft::Applications::Events::ILogConfiguration::operator* [0x00007FF6806449FB+288059]
	Microsoft::Applications::Events::ILogConfiguration::operator* [0x00007FF68063C950+255120]
	BaseThreadInitThunk [0x00007FF9468E257D+29]
	RtlUserThreadStart [0x00007FF947AAAF28+40]

2024-08-12 11:16:52,307 - __main__ - ERROR - 处理 URL 'https://kns.cnki.net/kcms2/article/abstract?v=rsECNtSP7IIMsWzsEk72PSP7h6qiKpEfy4arsmq18AQjgtWz086euu7xjLtanNO5ZhvOM12OJsRC_y4DyzSnN-_k4XvOYDVDf5006ssEGyhqSm5_JRFW5mrWMDsc4i0_ukKqOZG-GDwt005rscuupITFFrx2r6371Zvinlh2Tb-Rb2bze6-vzq7g_v6QlbtOR2S5GqiPWlJA-HupJiNrhWmqGipbydRfkTt3MKjpseEDJ5XR-P5WpZEu69TT722upL7ANkvJ70g=&uniplatform=NZKPT&language=CHS' 时发生异常：Message: 
Stacktrace:
	GetHandleVerifier [0x00007FF6806A05C2+11762]
	Microsoft::Applications::Events::ILogConfiguration::operator* [0x00007FF680640909+271433]
	(No symbol) [0x00007FF68045FE6E]
	(No symbol) [0x00007FF6804A6964]
	(No symbol) [0x00007FF6804A69EB]
	(No symbol) [0x00007FF6804E2107]
	(No symbol) [0x00007FF6804C5F7F]
	(No symbol) [0x00007FF68049C2FD]
	(No symbol) [0x00007FF6804DFA97]
	(No symbol) [0x00007FF6804C5BA3]
	(No symbol) [0x00007FF68049B80C]
	(No symbol) [0x00007FF68049ACED]
	(No symbol) [0x00007FF68049B3D1]
	Microsoft::Applications::Events::EventProperty::empty [0x00007FF68081B544+879700]
	Microsoft::Applications::Events::EventProperty::~EventProperty [0x00007FF6805D5D4F+56159]
	Microsoft::Applications::Events::EventProperty::~EventProperty [0x00007FF6805C86E3+1267]
	Microsoft::Applications::Events::EventProperty::empty [0x00007FF68081A29D+874925]
	Microsoft::Applications::Events::ILogConfiguration::operator* [0x00007FF680648501+303169]
	Microsoft::Applications::Events::ILogConfiguration::operator* [0x00007FF6806448C4+287748]
	Microsoft::Applications::Events::ILogConfiguration::operator* [0x00007FF6806449FB+288059]
	Microsoft::Applications::Events::ILogConfiguration::operator* [0x00007FF68063C950+255120]
	BaseThreadInitThunk [0x00007FF9468E257D+29]
	RtlUserThreadStart [0x00007FF947AAAF28+40]

2024-08-12 11:19:07,457 - __main__ - ERROR - 处理 URL 'https://kns.cnki.net/kcms2/article/abstract?v=rsECNtSP7IKm5whkWj95YUxHNviLOefyalF5t1xVUpPflzLvX-kBpuJuHEek5R8taazfvKnldylJ_eyQauFAsCAiC5Ki_34qXhvmgieHuH8WLk7YMDuxTBey0AWdfQTzp9zqu22U26ue7MIMMGWJLU81oPFgYlXBrBLsBt9HBptFTxKXFdRd6C4XZ3IZqlpI8QlcdS4Kdvp7JROe4eYpuCWyNQsk5_ud9Xb69UXSe8MtnUubSeMf1-jbYuOihaN3003xSxXOdpI=&uniplatform=NZKPT&language=CHS' 时发生异常：Message: 
Stacktrace:
	GetHandleVerifier [0x00007FF6806A05C2+11762]
	Microsoft::Applications::Events::ILogConfiguration::operator* [0x00007FF680640909+271433]
	(No symbol) [0x00007FF68045FE6E]
	(No symbol) [0x00007FF6804A6964]
	(No symbol) [0x00007FF6804A69EB]
	(No symbol) [0x00007FF6804E2107]
	(No symbol) [0x00007FF6804C5F7F]
	(No symbol) [0x00007FF68049C2FD]
	(No symbol) [0x00007FF6804DFA97]
	(No symbol) [0x00007FF6804C5BA3]
	(No symbol) [0x00007FF68049B80C]
	(No symbol) [0x00007FF68049ACED]
	(No symbol) [0x00007FF68049B3D1]
	Microsoft::Applications::Events::EventProperty::empty [0x00007FF68081B544+879700]
	Microsoft::Applications::Events::EventProperty::~EventProperty [0x00007FF6805D5D4F+56159]
	Microsoft::Applications::Events::EventProperty::~EventProperty [0x00007FF6805C86E3+1267]
	Microsoft::Applications::Events::EventProperty::empty [0x00007FF68081A29D+874925]
	Microsoft::Applications::Events::ILogConfiguration::operator* [0x00007FF680648501+303169]
	Microsoft::Applications::Events::ILogConfiguration::operator* [0x00007FF6806448C4+287748]
	Microsoft::Applications::Events::ILogConfiguration::operator* [0x00007FF6806449FB+288059]
	Microsoft::Applications::Events::ILogConfiguration::operator* [0x00007FF68063C950+255120]
	BaseThreadInitThunk [0x00007FF9468E257D+29]
	RtlUserThreadStart [0x00007FF947AAAF28+40]

2024-08-12 11:20:33,034 - __main__ - ERROR - 处理 URL 'https://kns.cnki.net/kcms2/article/abstract?v=rsECNtSP7ILxFfu7HdQSEPyYQ-cOniqh1OVh3IU8UoqmVKUoBocctDYMB5YwfGiZpYZ2M2UsMN2rQmPnUJh4UfzFwGnuwe89jhAfjoDFICRAtB_yoDGFc6SNlIL2ya0ZbkqMIzXPqZal_r25TCA-GmsFRoDLLyaE4rImt7ByI5NAeUjOFx-gDYSAUfhsjdzpUu2uRuFzZ68EbUqQ7EmSo0rqJszG62-qZAuAuvdsVdxS4k8BLcTxDJMQyUVJxmZfVA00WhhlYps=&uniplatform=NZKPT&language=CHS' 时发生异常：Message: no such window: target window already closed
from unknown error: web view not found
  (Session info: MicrosoftEdge=127.0.2651.98)
Stacktrace:
	GetHandleVerifier [0x00007FF6806A05C2+11762]
	Microsoft::Applications::Events::ILogConfiguration::operator* [0x00007FF680640909+271433]
	(No symbol) [0x00007FF68045FE6E]
	(No symbol) [0x00007FF68043B7F9]
	(No symbol) [0x00007FF6804CC731]
	(No symbol) [0x00007FF6804DF43F]
	(No symbol) [0x00007FF6804C5BA3]
	(No symbol) [0x00007FF68049B80C]
	(No symbol) [0x00007FF68049ACED]
	(No symbol) [0x00007FF68049B3D1]
	Microsoft::Applications::Events::EventProperty::empty [0x00007FF68081B544+879700]
	Microsoft::Applications::Events::EventProperty::~EventProperty [0x00007FF6805D5D4F+56159]
	Microsoft::Applications::Events::EventProperty::~EventProperty [0x00007FF6805C86E3+1267]
	Microsoft::Applications::Events::EventProperty::empty [0x00007FF68081A29D+874925]
	Microsoft::Applications::Events::ILogConfiguration::operator* [0x00007FF680648501+303169]
	Microsoft::Applications::Events::ILogConfiguration::operator* [0x00007FF6806448C4+287748]
	Microsoft::Applications::Events::ILogConfiguration::operator* [0x00007FF6806449FB+288059]
	Microsoft::Applications::Events::ILogConfiguration::operator* [0x00007FF68063C950+255120]
	BaseThreadInitThunk [0x00007FF9468E257D+29]
	RtlUserThreadStart [0x00007FF947AAAF28+40]

